[July 22, 2012, 2:31] [Error: E_USER_NOTICE] [Descripcion: No se encuentra el controlador: /home/ga000866/public_html/pbycortos5/website/controladores/bases-y-condiciones/bases-y-condicionesController.php ]
[July 22, 2012, 8:52] [Error: E_USER_NOTICE] [Descripcion: No se encuentra el controlador: /home/ga000866/public_html/pbycortos5/website/controladores/bases-y-condiciones/bases-y-condicionesController.php ]
[July 22, 2012, 13:31] [Error: E_USER_NOTICE] [Descripcion: No se encuentra el controlador: /home/ga000866/public_html/pbycortos5/website/controladores/bases-y-condiciones/bases-y-condicionesController.php ]
[July 23, 2012, 0:34] [Error: E_USER_NOTICE] [Descripcion: No se encuentra el controlador: /home/ga000866/public_html/pbycortos5/website/controladores/bases-y-condiciones/bases-y-condicionesController.php ]
[July 25, 2012, 17:33] [Error: E_USER_NOTICE] [Descripcion: No se encuentra el controlador: /home/ga000866/public_html/pbycortos5/website/controladores/bases-y-condiciones/bases-y-condicionesController.php ]
[July 27, 2012, 13:35] [Error: E_USER_NOTICE] [Descripcion: No se encuentra el controlador: /home/ga000866/public_html/pbycortos5/website/controladores/bases-y-condiciones/bases-y-condicionesController.php ]
[July 27, 2012, 17:57] [Error: E_USER_NOTICE] [Descripcion: No se encuentra el controlador: /home/ga000866/public_html/pbycortos5/website/controladores/bases-y-condiciones/bases-y-condicionesController.php ]
[July 27, 2012, 18:01] [Error: E_USER_NOTICE] [Descripcion: La Acción ediciones no existe ediciones en la clase contactoController en /home/ga000866/public_html/pbycortos5/website/controladores/contacto/contactoController.php ]
[July 27, 2012, 18:01] [Error: E_USER_NOTICE] [Descripcion: La Acción invitados no existe invitados en la clase contactoController en /home/ga000866/public_html/pbycortos5/website/controladores/contacto/contactoController.php ]
[July 27, 2012, 18:01] [Error: E_USER_NOTICE] [Descripcion: La Acción jurado no existe jurado en la clase contactoController en /home/ga000866/public_html/pbycortos5/website/controladores/contacto/contactoController.php ]
[July 27, 2012, 18:01] [Error: E_USER_NOTICE] [Descripcion: La Acción prensa no existe prensa en la clase contactoController en /home/ga000866/public_html/pbycortos5/website/controladores/contacto/contactoController.php ]
[July 27, 2012, 18:01] [Error: E_USER_NOTICE] [Descripcion: La Acción staff no existe staff en la clase contactoController en /home/ga000866/public_html/pbycortos5/website/controladores/contacto/contactoController.php ]
[August 4, 2012, 0:55] [Error: E_USER_NOTICE] [Descripcion: No se encuentra el controlador: /home/ga000866/public_html/pbycortos5/website/controladores/bases-y-condiciones/bases-y-condicionesController.php ]
[August 6, 2012, 14:59] [Error: E_USER_NOTICE] [Descripcion: No se encuentra el controlador: /home/ga000866/public_html/pbycortos5/website/controladores/bases-y-condiciones/bases-y-condicionesController.php ]
[August 14, 2012, 18:27] [Error: E_USER_NOTICE] [Descripcion: No se encuentra el controlador: /home/ga000866/public_html/pbycortos5/website/controladores/bases-y-condiciones/bases-y-condicionesController.php ]
[August 16, 2012, 7:52] [Error: E_USER_NOTICE] [Descripcion: No se encuentra el controlador: /home/ga000866/public_html/pbycortos5/website/controladores/bases-y-condiciones/bases-y-condicionesController.php ]
[September 11, 2012, 22:50] [Error: E_USER_NOTICE] [Descripcion: No se encuentra el controlador: /home/ga000866/public_html/pbycortos5/website/controladores/bases-y-condiciones/bases-y-condicionesController.php ]
[September 14, 2012, 20:46] [Error: E_USER_NOTICE] [Descripcion: No se encuentra el controlador: /home/ga000866/public_html/pbycortos5/website/controladores/bases-y-condiciones/bases-y-condicionesController.php ]
[September 15, 2012, 10:34] [Error: E_USER_NOTICE] [Descripcion: No se encuentra el controlador: /home/ga000866/public_html/pbycortos5/website/controladores/bases-y-condiciones/bases-y-condicionesController.php ]
[October 2, 2012, 10:50] [Error: E_USER_NOTICE] [Descripcion: No se encuentra el controlador: /home/ga000866/public_html/pbycortos5/website/controladores/bases-y-condiciones/bases-y-condicionesController.php ]
[October 11, 2012, 19:24] [Error: E_USER_NOTICE] [Descripcion: No se encuentra el controlador: /home/ga000866/public_html/pbycortos5/website/controladores/bases-y-condiciones/bases-y-condicionesController.php ]
[October 31, 2012, 6:12] [Error: E_USER_NOTICE] [Descripcion: No se encuentra el controlador: /home/ga000866/public_html/pbycortos5/website/controladores/bases-y-condiciones/bases-y-condicionesController.php ]
[November 18, 2012, 2:55] [Error: E_USER_NOTICE] [Descripcion: No se encuentra el controlador: /home/ga000866/public_html/pbycortos5/website/controladores/bases-y-condiciones/bases-y-condicionesController.php ]
[November 18, 2012, 11:31] [Error: E_USER_NOTICE] [Descripcion: No se encuentra el controlador: /home/ga000866/public_html/pbycortos5/website/controladores/bases-y-condiciones/bases-y-condicionesController.php ]
[December 3, 2012, 18:58] [Error: E_USER_NOTICE] [Descripcion: No se encuentra el controlador: /home/ga000866/public_html/pbycortos5/website/controladores/bases-y-condiciones/bases-y-condicionesController.php ]
[December 23, 2012, 4:00] [Error: E_USER_NOTICE] [Descripcion: No se encuentra el controlador: /home/ga000866/public_html/pbycortos5/website/controladores/bases-y-condiciones/bases-y-condicionesController.php ]
[December 23, 2012, 6:40] [Error: E_USER_NOTICE] [Descripcion: No se encuentra el controlador: /home/ga000866/public_html/pbycortos5/website/controladores/bases-y-condiciones/bases-y-condicionesController.php ]
[December 28, 2012, 9:58] [Error: E_USER_NOTICE] [Descripcion: No se encuentra el controlador: /home/ga000866/public_html/pbycortos5/website/controladores/bases-y-condiciones/bases-y-condicionesController.php ]
[December 29, 2012, 21:29] [Error: E_USER_NOTICE] [Descripcion: No se encuentra el controlador: /home/ga000866/public_html/pbycortos5/website/controladores/bases-y-condiciones/bases-y-condicionesController.php ]
[January 18, 2013, 10:41] [Error: E_USER_NOTICE] [Descripcion: No se encuentra el controlador: /home/ga000866/public_html/pbycortos5/website/controladores/bases-y-condiciones/bases-y-condicionesController.php ]
[January 29, 2013, 9:38] [Error: E_USER_NOTICE] [Descripcion: No se encuentra el controlador: /home/ga000866/public_html/pbycortos5/website/controladores/bases-y-condiciones/bases-y-condicionesController.php ]
[January 29, 2013, 21:40] [Error: E_USER_NOTICE] [Descripcion: No se encuentra el controlador: /home/ga000866/public_html/pbycortos5/website/controladores/bases-y-condiciones/bases-y-condicionesController.php ]
[January 31, 2013, 3:38] [Error: E_USER_NOTICE] [Descripcion: No se encuentra el controlador: /home/ga000866/public_html/pbycortos5/website/controladores/bases-y-condiciones/bases-y-condicionesController.php ]
[February 2, 2013, 14:43] [Error: E_USER_NOTICE] [Descripcion: No se encuentra el controlador: /home/ga000866/public_html/pbycortos5/website/controladores/bases-y-condiciones/bases-y-condicionesController.php ]
[February 5, 2013, 0:59] [Error: E_USER_NOTICE] [Descripcion: No se encuentra el controlador: /home/ga000866/public_html/pbycortos5/website/controladores/bases-y-condiciones/bases-y-condicionesController.php ]
[February 9, 2013, 1:48] [Error: E_USER_NOTICE] [Descripcion: No se encuentra el controlador: /home/ga000866/public_html/pbycortos5/website/controladores/bases-y-condiciones/bases-y-condicionesController.php ]
[February 16, 2013, 0:34] [Error: E_USER_NOTICE] [Descripcion: No se encuentra el controlador: /home/ga000866/public_html/pbycortos5/website/controladores/bases-y-condiciones/bases-y-condicionesController.php ]
[February 17, 2013, 22:44] [Error: E_USER_NOTICE] [Descripcion: No se encuentra el controlador: /home/ga000866/public_html/pbycortos5/website/controladores/bases-y-condiciones/bases-y-condicionesController.php ]
[February 24, 2013, 7:51] [Error: E_USER_NOTICE] [Descripcion: No se encuentra el controlador: /home/ga000866/public_html/pbycortos5/website/controladores/bases-y-condiciones/bases-y-condicionesController.php ]
[February 25, 2013, 3:03] [Error: E_USER_NOTICE] [Descripcion: No se encuentra el controlador: /home/ga000866/public_html/pbycortos5/website/controladores/bases-y-condiciones/bases-y-condicionesController.php ]
[February 26, 2013, 14:16] [Error: E_USER_NOTICE] [Descripcion: No se encuentra el controlador: /home/ga000866/public_html/pbycortos5/website/controladores/bases-y-condiciones/bases-y-condicionesController.php ]
[March 3, 2013, 15:50] [Error: E_USER_NOTICE] [Descripcion: No se encuentra el controlador: /home/ga000866/public_html/pbycortos5/website/controladores/bases-y-condiciones/bases-y-condicionesController.php ]
[March 5, 2013, 2:45] [Error: E_USER_NOTICE] [Descripcion: No se encuentra el controlador: /home/ga000866/public_html/pbycortos5/website/controladores/bases-y-condiciones/bases-y-condicionesController.php ]
[March 18, 2013, 14:57] [Error: E_USER_NOTICE] [Descripcion: No se encuentra el controlador: /home/ga000866/public_html/pbycortos5/website/controladores/bases-y-condiciones/bases-y-condicionesController.php ]
[March 19, 2013, 6:05] [Error: E_USER_NOTICE] [Descripcion: No se encuentra el controlador: /home/ga000866/public_html/pbycortos5/website/controladores/bases-y-condiciones/bases-y-condicionesController.php ]
[March 19, 2013, 9:34] [Error: E_USER_NOTICE] [Descripcion: No se encuentra el controlador: /home/ga000866/public_html/pbycortos5/website/controladores/bases-y-condiciones/bases-y-condicionesController.php ]
[March 20, 2013, 6:43] [Error: E_USER_NOTICE] [Descripcion: No se encuentra el controlador: /home/ga000866/public_html/pbycortos5/website/controladores/bases-y-condiciones/bases-y-condicionesController.php ]
[April 1, 2013, 8:19] [Error: E_USER_NOTICE] [Descripcion: No se encuentra el controlador: /home/ga000866/public_html/pbycortos5/website/controladores/bases-y-condiciones/bases-y-condicionesController.php ]
[April 20, 2013, 6:47] [Error: E_USER_NOTICE] [Descripcion: No se encuentra el controlador: /home/ga000866/public_html/pbycortos5/website/controladores/bases-y-condiciones/bases-y-condicionesController.php ]
[April 23, 2013, 11:32] [Error: E_USER_NOTICE] [Descripcion: No se encuentra el controlador: /home/ga000866/public_html/pbycortos5/website/controladores/seccionesid1/seccionesid1Controller.php ]
[April 23, 2013, 11:33] [Error: E_USER_NOTICE] [Descripcion: No se encuentra el controlador: /home/ga000866/public_html/pbycortos5/website/controladores/bases-y-condiciones/bases-y-condicionesController.php ]
[April 23, 2013, 11:41] [Error: E_USER_NOTICE] [Descripcion: No se encuentra el controlador: /home/ga000866/public_html/pbycortos5/website/controladores/seccionesid1/seccionesid1Controller.php ]
[April 23, 2013, 11:41] [Error: E_USER_NOTICE] [Descripcion: No se encuentra el controlador: /home/ga000866/public_html/pbycortos5/website/controladores/seccionesid1/seccionesid1Controller.php ]
[April 23, 2013, 11:41] [Error: E_USER_NOTICE] [Descripcion: No se encuentra el controlador: /home/ga000866/public_html/pbycortos5/website/controladores/seccionesid1/seccionesid1Controller.php ]
[April 23, 2013, 11:43] [Error: E_USER_NOTICE] [Descripcion: La Acción jurado no existe jurado en la clase contactoController en /home/ga000866/public_html/pbycortos5/website/controladores/contacto/contactoController.php ]
[April 23, 2013, 11:43] [Error: E_USER_NOTICE] [Descripcion: La Acción invitados no existe invitados en la clase contactoController en /home/ga000866/public_html/pbycortos5/website/controladores/contacto/contactoController.php ]
[April 23, 2013, 11:43] [Error: E_USER_NOTICE] [Descripcion: La Acción ediciones no existe ediciones en la clase contactoController en /home/ga000866/public_html/pbycortos5/website/controladores/contacto/contactoController.php ]
[April 23, 2013, 11:43] [Error: E_USER_NOTICE] [Descripcion: La Acción prensa no existe prensa en la clase contactoController en /home/ga000866/public_html/pbycortos5/website/controladores/contacto/contactoController.php ]
[April 23, 2013, 11:43] [Error: E_USER_NOTICE] [Descripcion: La Acción staff no existe staff en la clase contactoController en /home/ga000866/public_html/pbycortos5/website/controladores/contacto/contactoController.php ]
[April 23, 2013, 11:43] [Error: E_USER_NOTICE] [Descripcion: La Acción bases-y-condiciones no existe bases-y-condiciones en la clase contactoController en /home/ga000866/public_html/pbycortos5/website/controladores/contacto/contactoController.php ]
[April 23, 2013, 11:43] [Error: E_USER_NOTICE] [Descripcion: La Acción contacto no existe contacto en la clase contactoController en /home/ga000866/public_html/pbycortos5/website/controladores/contacto/contactoController.php ]
[April 23, 2013, 11:43] [Error: E_USER_NOTICE] [Descripcion: La Acción contacto no existe contacto en la clase contactoController en /home/ga000866/public_html/pbycortos5/website/controladores/contacto/contactoController.php ]
[April 29, 2013, 3:43] [Error: E_USER_NOTICE] [Descripcion: No se encuentra el controlador: /home/ga000866/public_html/pbycortos5/website/controladores/bases-y-condiciones/bases-y-condicionesController.php ]
[May 1, 2013, 10:22] [Error: E_USER_NOTICE] [Descripcion: No se encuentra el controlador: /home/ga000866/public_html/pbycortos5/website/controladores/bases-y-condiciones/bases-y-condicionesController.php ]
[May 1, 2013, 10:27] [Error: E_USER_NOTICE] [Descripcion: No se encuentra el controlador: /home/ga000866/public_html/pbycortos5/website/controladores/bases-y-condiciones/bases-y-condicionesController.php ]
[May 5, 2013, 10:40] [Error: E_USER_NOTICE] [Descripcion: No se encuentra el controlador: /home/ga000866/public_html/pbycortos5/website/controladores/bases-y-condiciones/bases-y-condicionesController.php ]
[May 7, 2013, 15:32] [Error: E_USER_NOTICE] [Descripcion: No se encuentra el controlador: /home/ga000866/public_html/pbycortos5/website/controladores/bases-y-condiciones/bases-y-condicionesController.php ]
[May 20, 2013, 14:43] [Error: E_USER_NOTICE] [Descripcion: No se encuentra el controlador: /home/ga000866/public_html/pbycortos5/website/controladores/bases-y-condiciones/bases-y-condicionesController.php ]
[May 23, 2013, 0:41] [Error: E_USER_NOTICE] [Descripcion: No se encuentra el controlador: /home/ga000866/public_html/pbycortos5/website/controladores/bases-y-condiciones/bases-y-condicionesController.php ]
[August 7, 2013, 6:11] [Error: E_USER_NOTICE] [Descripcion: No se encuentra el controlador: /home/ga000866/public_html/pbycortos5/website/controladores/bases-y-condiciones/bases-y-condicionesController.php ]
[August 12, 2013, 17:47] [Error: E_USER_NOTICE] [Descripcion: No se encuentra el controlador: /home/ga000866/public_html/pbycortos5/website/controladores/bases/basesController.php ]
[August 12, 2013, 17:48] [Error: E_USER_NOTICE] [Descripcion: No se encuentra el controlador: /home/ga000866/public_html/pbycortos5/website/controladores/bases/basesController.php ]
[August 12, 2013, 17:50] [Error: E_USER_NOTICE] [Descripcion: No se encuentra el controlador: /home/ga000866/public_html/pbycortos5/website/controladores/bases/basesController.php ]
[August 12, 2013, 17:52] [Error: E_USER_NOTICE] [Descripcion: No se encuentra el controlador: /home/ga000866/public_html/pbycortos5/website/controladores/bases/basesController.php ]
[August 13, 2013, 4:21] [Error: E_USER_NOTICE] [Descripcion: No se encuentra el controlador: /home/ga000866/public_html/pbycortos5/website/controladores/bases/basesController.php ]
[August 13, 2013, 4:23] [Error: E_USER_NOTICE] [Descripcion: No se encuentra el controlador: /home/ga000866/public_html/pbycortos5/website/controladores/bases/basesController.php ]
[August 13, 2013, 4:25] [Error: E_USER_NOTICE] [Descripcion: No se encuentra el controlador: /home/ga000866/public_html/pbycortos5/website/controladores/bases/basesController.php ]
[August 13, 2013, 4:27] [Error: E_USER_NOTICE] [Descripcion: No se encuentra el controlador: /home/ga000866/public_html/pbycortos5/website/controladores/bases/basesController.php ]
[August 13, 2013, 4:30] [Error: E_USER_NOTICE] [Descripcion: No se encuentra el controlador: /home/ga000866/public_html/pbycortos5/website/controladores/bases/basesController.php ]
[August 13, 2013, 4:32] [Error: E_USER_NOTICE] [Descripcion: No se encuentra el controlador: /home/ga000866/public_html/pbycortos5/website/controladores/bases/basesController.php ]
[August 13, 2013, 4:34] [Error: E_USER_NOTICE] [Descripcion: No se encuentra el controlador: /home/ga000866/public_html/pbycortos5/website/controladores/bases/basesController.php ]
[August 18, 2013, 11:16] [Error: E_USER_NOTICE] [Descripcion: No se encuentra el controlador: /home/ga000866/public_html/pbycortos5/website/controladores/bases/basesController.php ]
[August 18, 2013, 11:18] [Error: E_USER_NOTICE] [Descripcion: No se encuentra el controlador: /home/ga000866/public_html/pbycortos5/website/controladores/bases/basesController.php ]
[August 18, 2013, 13:52] [Error: E_USER_NOTICE] [Descripcion: No se encuentra el controlador: /home/ga000866/public_html/pbycortos5/website/controladores/bases/basesController.php ]
[August 18, 2013, 13:54] [Error: E_USER_NOTICE] [Descripcion: No se encuentra el controlador: /home/ga000866/public_html/pbycortos5/website/controladores/bases/basesController.php ]
[August 23, 2013, 0:15] [Error: E_USER_NOTICE] [Descripcion: No se encuentra el controlador: /home/ga000866/public_html/pbycortos5/website/controladores/bases/basesController.php ]
[August 23, 2013, 0:16] [Error: E_USER_NOTICE] [Descripcion: No se encuentra el controlador: /home/ga000866/public_html/pbycortos5/website/controladores/bases/basesController.php ]
[August 25, 2013, 8:39] [Error: E_USER_NOTICE] [Descripcion: No se encuentra el controlador: /home/ga000866/public_html/pbycortos5/website/controladores/bases/basesController.php ]
[August 31, 2013, 10:33] [Error: E_USER_NOTICE] [Descripcion: No se encuentra el controlador: /home/ga000866/public_html/pbycortos5/website/controladores/bases/basesController.php ]
[September 9, 2013, 2:48] [Error: E_USER_NOTICE] [Descripcion: No se encuentra el controlador: /home/ga000866/public_html/pbycortos5/website/controladores/bases/basesController.php ]
[September 9, 2013, 2:50] [Error: E_USER_NOTICE] [Descripcion: No se encuentra el controlador: /home/ga000866/public_html/pbycortos5/website/controladores/bases/basesController.php ]
[September 15, 2013, 14:33] [Error: E_USER_NOTICE] [Descripcion: No se encuentra el controlador: /home/ga000866/public_html/pbycortos5/website/controladores/bases/basesController.php ]
[September 30, 2013, 18:48] [Error: E_USER_NOTICE] [Descripcion: No se encuentra el controlador: /home/ga000866/public_html/pbycortos5/website/controladores/bases/basesController.php ]
[October 15, 2013, 22:51] [Error: E_USER_NOTICE] [Descripcion: No se encuentra el controlador: /home/ga000866/public_html/pbycortos5/website/controladores/bases/basesController.php ]
[October 31, 2013, 2:55] [Error: E_USER_NOTICE] [Descripcion: No se encuentra el controlador: /home/ga000866/public_html/pbycortos5/website/controladores/bases/basesController.php ]
[November 15, 2013, 8:00] [Error: E_USER_NOTICE] [Descripcion: No se encuentra el controlador: /home/ga000866/public_html/pbycortos5/website/controladores/bases/basesController.php ]
[November 30, 2013, 10:47] [Error: E_USER_NOTICE] [Descripcion: No se encuentra el controlador: /home/ga000866/public_html/pbycortos5/website/controladores/bases/basesController.php ]
[December 15, 2013, 14:48] [Error: E_USER_NOTICE] [Descripcion: No se encuentra el controlador: /home/ga000866/public_html/pbycortos5/website/controladores/bases/basesController.php ]
[January 2, 2014, 23:09] [Error: E_USER_NOTICE] [Descripcion: No se encuentra el controlador: /home/ga000866/public_html/pbycortos5/website/controladores/bases/basesController.php ]
[January 20, 2014, 18:45] [Error: E_USER_NOTICE] [Descripcion: No se encuentra el controlador: /home/ga000866/public_html/pbycortos5/website/controladores/bases/basesController.php ]
[January 25, 2014, 8:52] [Error: E_USER_NOTICE] [Descripcion: No se encuentra el controlador: /home/ga000866/public_html/pbycortos5/website/controladores/bases/basesController.php ]
[February 5, 2014, 0:17] [Error: E_USER_NOTICE] [Descripcion: No se encuentra el controlador: /home/ga000866/public_html/pbycortos5/website/controladores/bases/basesController.php ]
[February 20, 2014, 23:08] [Error: E_USER_NOTICE] [Descripcion: No se encuentra el controlador: /home/ga000866/public_html/pbycortos5/website/controladores/bases/basesController.php ]
[March 2, 2014, 14:21] [Error: E_USER_NOTICE] [Descripcion: No se encuentra el controlador: /home/ga000866/public_html/pbycortos5/website/controladores/bases/basesController.php ]
[March 8, 2014, 7:05] [Error: E_USER_NOTICE] [Descripcion: No se encuentra el controlador: /home/ga000866/public_html/pbycortos5/website/controladores/bases/basesController.php ]
[March 23, 2014, 12:14] [Error: E_USER_NOTICE] [Descripcion: No se encuentra el controlador: /home/ga000866/public_html/pbycortos5/website/controladores/bases/basesController.php ]
[March 28, 2014, 15:22] [Error: E_USER_NOTICE] [Descripcion: No se encuentra el controlador: /home/ga000866/public_html/pbycortos5/website/controladores/bases/basesController.php ]
[April 11, 2014, 5:35] [Error: E_USER_NOTICE] [Descripcion: No se encuentra el controlador: /home/ga000866/public_html/pbycortos5/website/controladores/bases/basesController.php ]
[April 13, 2014, 20:51] [Error: E_USER_NOTICE] [Descripcion: No se encuentra el controlador: /home/ga000866/public_html/pbycortos5/website/controladores/bases/basesController.php ]
[April 14, 2014, 16:05] [Error: E_USER_NOTICE] [Descripcion: No se encuentra el controlador: /home/ga000866/public_html/pbycortos5/website/controladores/bases/basesController.php ]
[May 20, 2014, 14:50] [Error: E_USER_NOTICE] [Descripcion: No se encuentra el controlador: /home/ga000866/public_html/pbycortos5/website/controladores/bases/basesController.php ]
[June 5, 2014, 18:59] [Error: E_USER_NOTICE] [Descripcion: No se encuentra el controlador: /home/ga000866/public_html/pbycortos5/website/controladores/bases/basesController.php ]
[June 10, 2014, 14:16] [Error: E_USER_NOTICE] [Descripcion: No se encuentra el controlador: /home/ga000866/public_html/pbycortos5/website/controladores/bases/basesController.php ]
[June 26, 2014, 11:03] [Error: E_USER_NOTICE] [Descripcion: No se encuentra el controlador: /home/ga000866/public_html/pbycortos5/website/controladores/bases/basesController.php ]
[August 18, 2014, 2:35] [Error: E_USER_NOTICE] [Descripcion: No se encuentra el controlador: /home/ga000866/public_html/pbycortos5/website/controladores/bases/basesController.php ]
[September 13, 2014, 13:37] [Error: E_USER_NOTICE] [Descripcion: No se encuentra el controlador: /home/ga000866/public_html/pbycortos5/website/controladores/bases/basesController.php ]
[October 26, 2014, 4:31] [Error: E_USER_NOTICE] [Descripcion: No se encuentra el controlador: /home/ga000866/public_html/pbycortos5/website/controladores/bases/basesController.php ]
[March 22, 2015, 2:02] [Error: E_USER_NOTICE] [Descripcion: No se encuentra el controlador: /home/ga000866/public_html/pbycortos5/website/controladores/bases/basesController.php ]
[June 27, 2015, 1:43] [Error: E_USER_NOTICE] [Descripcion: No se encuentra el controlador: /home/ga000866/public_html/pbycortos5/website/controladores/bases/basesController.php ]
